5.443548387096774910e-01,3.571428571428576504e-01
5.645161290322580072e-01,3.571428571428576504e-01
5.846774193548389675e-01,3.571428571428576504e-01
6.048387096774194838e-01,3.571428571428576504e-01
6.451612903225805162e-01,3.571428571428576504e-01
6.653225806451614766e-01,3.571428571428576504e-01
6.854838709677419928e-01,3.571428571428576504e-01
7.459677419354839856e-01,3.571428571428576504e-01
7.862903225806450180e-01,3.571428571428576504e-01
8.064516129032259784e-01,3.571428571428576504e-01
8.669354838709679711e-01,3.841991341991346509e-01
8.870967741935484874e-01,4.112554112554116514e-01
9.274193548387095198e-01,4.383116883116886520e-01
9.475806451612904802e-01,4.383116883116886520e-01
1.008064516129032473e+00,4.924242424242428751e-01
1.048387096774193505e+00,4.924242424242428751e-01
1.088709677419354982e+00,5.194805194805198756e-01
1.108870967741935498e+00,5.465367965367968761e-01
1.149193548387096975e+00,5.735930735930740987e-01
1.209677419354838523e+00,6.277056277056280997e-01
1.290322580645161477e+00,6.818181818181821008e-01
1.310483870967741993e+00,7.088744588744591013e-01
1.350806451612903025e+00,7.359307359307365459e-01
1.391129032258064502e+00,7.629870129870135465e-01
1.471774193548387011e+00,8.441558441558445480e-01
1.491935483870967971e+00,8.712121212121215486e-01
1.532258064516129004e+00,8.982683982683985491e-01
1.572580645161290480e+00,9.523809523809529942e-01
1.612903225806451513e+00,1.006493506493506995e+00
1.673387096774193505e+00,1.060606060606060996e+00
1.713709677419354982e+00,1.114718614718614997e+00
1.733870967741935498e+00,1.141774891774892442e+00
1.794354838709677491e+00,1.222943722943723444e+00
1.814516129032258007e+00,1.250000000000000444e+00
1.834677419354838523e+00,1.277056277056277445e+00
1.875000000000000000e+00,1.331168831168831890e+00
1.895161290322580516e+00,1.358225108225108890e+00
1.915322580645161477e+00,1.385281385281385891e+00
1.935483870967741993e+00,1.412337662337662891e+00
1.995967741935483986e+00,1.493506493506493893e+00
2.036290322580645018e+00,1.547619047619048338e+00
2.076612903225806495e+00,1.655844155844156340e+00
2.096774193548387011e+00,1.682900432900433341e+00
2.157258064516129004e+00,1.791125541125541787e+00
2.197580645161290480e+00,1.845238095238095788e+00
2.217741935483870996e+00,1.899350649350649789e+00
2.278225806451612989e+00,1.980519480519481235e+00
2.318548387096774022e+00,2.061688311688312236e+00
2.338709677419354982e+00,2.088744588744589237e+00
2.379032258064516014e+00,2.169913419913420682e+00
2.399193548387096531e+00,2.251082251082251684e+00
2.419354838709677491e+00,2.305194805194805685e+00
2.439516129032258451e+00,2.332251082251082686e+00
2.459677419354838523e+00,2.386363636363637131e+00
2.499999999999999556e+00,2.440476190476191132e+00
2.540322580645161477e+00,2.548701298701299578e+00
2.600806451612903469e+00,2.656926406926408024e+00
2.620967741935483541e+00,2.711038961038962025e+00
2.661290322580645462e+00,2.792207792207792583e+00
2.701612903225806495e+00,2.846320346320346584e+00
2.721774193548387455e+00,2.900432900432901473e+00
2.762096774193548487e+00,3.008658008658009475e+00
2.802419354838709520e+00,3.062770562770563476e+00
2.822580645161290480e+00,3.143939393939394922e+00
2.862903225806451513e+00,3.252164502164502924e+00
2.883064516129032473e+00,3.279220779220780368e+00
2.923387096774193505e+00,3.387445887445888371e+00
2.943548387096774466e+00,3.441558441558442372e+00
2.983870967741935498e+00,3.495670995670996373e+00
2.983870967741935498e+00,3.522727272727273817e+00
3.004032258064516459e+00,3.576839826839827818e+00
3.024193548387096531e+00,3.685064935064935820e+00
3.044354838709677491e+00,3.766233766233767266e+00
3.104838709677419484e+00,3.847402597402597824e+00
3.124999999999999556e+00,3.928571428571429269e+00
3.145161290322580516e+00,3.982683982683983270e+00
3.185483870967741549e+00,4.063852813852815160e+00
3.225806451612903469e+00,4.172077922077923162e+00
3.245967741935483541e+00,4.199134199134199719e+00
3.286290322580645462e+00,4.280303030303031164e+00
3.326612903225806495e+00,4.361471861471862610e+00
3.346774193548387455e+00,4.415584415584415723e+00
3.407258064516128560e+00,4.523809523809525501e+00
3.427419354838709520e+00,4.604978354978355171e+00
3.487903225806451513e+00,4.686147186147186616e+00
3.508064516129032473e+00,4.713203463203464949e+00
3.588709677419354538e+00,4.848484848484849508e+00
3.608870967741935498e+00,4.902597402597404397e+00
3.649193548387096531e+00,4.983766233766234066e+00
3.689516129032258451e+00,5.064935064935065512e+00
3.729838709677419484e+00,5.119047619047620401e+00
3.729838709677419484e+00,5.173160173160173514e+00
3.790322580645161477e+00,5.281385281385281516e+00
3.810483870967741549e+00,5.335497835497836405e+00
3.830645161290322509e+00,5.362554112554112962e+00
3.830645161290322509e+00,5.389610389610391294e+00
3.891129032258064502e+00,5.470779220779220964e+00
3.911290322580645462e+00,5.497835497835499297e+00
3.931451612903225534e+00,5.579004329004330742e+00
3.951612903225806495e+00,5.606060606060607299e+00
3.971774193548387455e+00,5.633116883116883855e+00
4.012096774193548043e+00,5.687229437229438744e+00
4.032258064516128115e+00,5.714285714285715301e+00
4.052419354838709964e+00,5.741341991341991857e+00
4.112903225806451957e+00,5.849567099567099859e+00
4.153225806451612101e+00,5.903679653679654749e+00
4.153225806451612101e+00,5.957792207792209638e+00
4.213709677419354094e+00,6.038961038961039307e+00
4.233870967741935942e+00,6.093073593073594196e+00
4.254032258064516014e+00,6.120129870129870753e+00
4.294354838709677935e+00,6.201298701298702198e+00
4.334677419354838079e+00,6.255411255411257088e+00
4.375000000000000000e+00,6.363636363636365090e+00
4.435483870967741993e+00,6.444805194805196535e+00
4.435483870967741993e+00,6.471861471861473092e+00
4.455645161290322065e+00,6.498917748917749648e+00
4.495967741935483986e+00,6.553030303030304538e+00
4.516129032258064058e+00,6.580086580086581094e+00
4.536290322580645906e+00,6.607142857142857650e+00
4.576612903225806051e+00,6.688311688311689096e+00
4.596774193548387899e+00,6.715367965367965652e+00
4.697580645161290036e+00,6.877705627705628544e+00
4.758064516129032029e+00,6.958874458874459989e+00
4.798387096774193949e+00,7.012987012987013102e+00
4.818548387096774022e+00,7.040043290043291435e+00
4.838709677419354094e+00,7.067099567099567992e+00
4.858870967741935942e+00,7.094155844155844548e+00
4.899193548387096087e+00,7.148268398268399437e+00
4.919354838709677935e+00,7.175324675324675994e+00
4.959677419354838079e+00,7.229437229437230883e+00
5.000000000000000000e+00,7.256493506493507439e+00
5.020161290322580072e+00,7.283549783549783996e+00
5.040322580645161921e+00,7.310606060606060552e+00
5.060483870967741993e+00,7.337662337662338885e+00
5.080645161290322065e+00,7.364718614718615441e+00
5.100806451612903913e+00,7.391774891774891998e+00
5.141129032258064058e+00,7.445887445887446887e+00
5.181451612903225978e+00,7.500000000000000000e+00
5.241935483870967971e+00,7.527056277056278333e+00
5.262096774193548043e+00,7.554112554112554889e+00
5.302419354838709964e+00,7.608225108225109778e+00
5.342741935483870108e+00,7.608225108225109778e+00
5.383064516129032029e+00,7.635281385281386335e+00
5.403225806451612101e+00,7.662337662337662891e+00
5.423387096774193949e+00,7.662337662337662891e+00
5.463709677419354094e+00,7.716450216450217781e+00
5.483870967741935942e+00,7.743506493506494337e+00
5.504032258064516014e+00,7.743506493506494337e+00
5.544354838709677935e+00,7.770562770562770893e+00
5.584677419354838079e+00,7.797619047619049226e+00
5.604838709677419928e+00,7.797619047619049226e+00
5.645161290322580072e+00,7.851731601731602339e+00
5.685483870967741993e+00,7.878787878787878896e+00
5.705645161290322065e+00,7.878787878787878896e+00
5.745967741935483986e+00,7.905844155844157228e+00
5.786290322580645906e+00,7.905844155844157228e+00
5.826612903225806051e+00,7.932900432900433785e+00
5.887096774193548043e+00,7.987012987012988674e+00
5.907258064516128115e+00,8.014069264069265230e+00
5.927419354838709964e+00,8.014069264069265230e+00
5.947580645161290036e+00,8.014069264069265230e+00
5.987903225806451957e+00,8.014069264069265230e+00
6.008064516129032029e+00,8.041125541125541787e+00
6.048387096774193949e+00,8.041125541125541787e+00
6.088709677419354094e+00,8.068181818181818343e+00
6.108870967741935942e+00,8.068181818181818343e+00
6.129032258064516014e+00,8.068181818181818343e+00
6.149193548387096087e+00,8.068181818181818343e+00
6.189516129032258007e+00,8.068181818181818343e+00
6.229838709677419928e+00,8.122294372294373233e+00
6.250000000000000000e+00,8.122294372294373233e+00
6.290322580645161921e+00,8.122294372294373233e+00
6.310483870967741993e+00,8.122294372294373233e+00
6.330645161290322065e+00,8.122294372294373233e+00
6.350806451612903913e+00,8.122294372294373233e+00
6.391129032258064058e+00,8.122294372294373233e+00
6.431451612903225978e+00,8.122294372294373233e+00
6.451612903225806051e+00,8.122294372294373233e+00
6.491935483870967971e+00,8.122294372294373233e+00
6.512096774193548043e+00,8.122294372294373233e+00
6.532258064516128115e+00,8.122294372294373233e+00
6.552419354838709964e+00,8.122294372294373233e+00
6.612903225806450180e+00,8.122294372294373233e+00
6.653225806451612101e+00,8.122294372294373233e+00
6.693548387096774022e+00,8.122294372294373233e+00
6.713709677419354094e+00,8.122294372294373233e+00
6.733870967741934166e+00,8.122294372294373233e+00
6.754032258064516014e+00,8.122294372294373233e+00
6.794354838709676159e+00,8.122294372294373233e+00
6.814516129032258007e+00,8.122294372294373233e+00
6.834677419354838079e+00,8.122294372294373233e+00
6.854838709677418152e+00,8.122294372294373233e+00
6.895161290322580072e+00,8.122294372294373233e+00
6.915322580645160144e+00,8.122294372294373233e+00
6.935483870967741993e+00,8.122294372294373233e+00
6.955645161290322065e+00,8.122294372294373233e+00
6.995967741935483986e+00,8.122294372294373233e+00
7.016129032258064058e+00,8.122294372294373233e+00
7.036290322580644130e+00,8.122294372294373233e+00
7.056451612903225978e+00,8.122294372294373233e+00
7.096774193548386123e+00,8.122294372294373233e+00
7.116935483870967971e+00,8.122294372294373233e+00
7.137096774193548043e+00,8.122294372294373233e+00
7.157258064516128115e+00,8.122294372294373233e+00
7.197580645161290036e+00,8.122294372294373233e+00
7.217741935483870108e+00,8.122294372294373233e+00
7.237903225806450180e+00,8.122294372294373233e+00
7.258064516129032029e+00,8.122294372294373233e+00
7.298387096774192173e+00,8.122294372294373233e+00
7.318548387096774022e+00,8.122294372294373233e+00
7.338709677419354094e+00,8.122294372294373233e+00
7.358870967741934166e+00,8.122294372294373233e+00
7.399193548387096087e+00,8.122294372294373233e+00
7.439516129032258007e+00,8.122294372294373233e+00
7.479838709677418152e+00,8.149350649350649789e+00
7.500000000000000000e+00,8.149350649350649789e+00
7.540322580645160144e+00,8.149350649350649789e+00
7.600806451612902137e+00,8.149350649350649789e+00
7.641129032258064058e+00,8.149350649350649789e+00
7.661290322580644130e+00,8.149350649350649789e+00
7.701612903225806051e+00,8.176406926406928122e+00
7.741935483870967971e+00,8.176406926406928122e+00
7.762096774193548043e+00,8.176406926406928122e+00
7.822580645161290036e+00,8.203463203463204678e+00
7.842741935483870108e+00,8.203463203463204678e+00
7.862903225806450180e+00,8.203463203463204678e+00
7.923387096774192173e+00,8.230519480519481235e+00
7.943548387096774022e+00,8.257575757575757791e+00
7.963709677419354094e+00,8.257575757575757791e+00
8.004032258064516014e+00,8.284632034632036124e+00
8.064516129032258007e+00,8.311688311688312680e+00
8.104838709677418152e+00,8.311688311688312680e+00
8.125000000000000000e+00,8.311688311688312680e+00
8.145161290322580072e+00,8.311688311688312680e+00
8.165322580645160144e+00,8.338744588744589237e+00
8.225806451612902137e+00,8.338744588744589237e+00
8.266129032258064058e+00,8.392857142857144126e+00
8.326612903225806051e+00,8.419913419913420682e+00
8.366935483870967971e+00,8.419913419913420682e+00
8.427419354838708188e+00,8.446969696969697239e+00
8.447580645161290036e+00,8.446969696969697239e+00
8.467741935483870108e+00,8.474025974025975572e+00
8.508064516129032029e+00,8.474025974025975572e+00
8.548387096774192173e+00,8.501082251082252128e+00
8.568548387096774022e+00,8.528138528138528685e+00
8.588709677419354094e+00,8.528138528138528685e+00
8.608870967741934166e+00,8.528138528138528685e+00
8.629032258064516014e+00,8.528138528138528685e+00
8.669354838709676159e+00,8.555194805194807017e+00
8.709677419354838079e+00,8.555194805194807017e+00
8.729838709677418152e+00,8.555194805194807017e+00
8.750000000000000000e+00,8.582251082251083574e+00
8.770161290322580072e+00,8.582251082251083574e+00
8.830645161290322065e+00,8.609307359307360130e+00
8.870967741935483986e+00,8.636363636363636687e+00
8.891129032258064058e+00,8.663419913419915019e+00
8.911290322580644130e+00,8.663419913419915019e+00
8.931451612903225978e+00,8.690476190476191576e+00
8.951612903225806051e+00,8.717532467532468132e+00
