1.088709677419354982e+00,9.556277056277057369e+00
1.088709677419354982e+00,9.529220779220780813e+00
1.088709677419354982e+00,9.475108225108225923e+00
1.088709677419354982e+00,9.420995670995672810e+00
1.088709677419354982e+00,9.393939393939394478e+00
1.088709677419354982e+00,9.285714285714286476e+00
1.088709677419354982e+00,9.258658008658009919e+00
1.088709677419354982e+00,9.204545454545455030e+00
1.088709677419354982e+00,9.123376623376623584e+00
1.088709677419354982e+00,9.096320346320347028e+00
1.088709677419354982e+00,9.069264069264070471e+00
1.088709677419354982e+00,9.015151515151515582e+00
1.088709677419354982e+00,8.961038961038962469e+00
1.088709677419354982e+00,8.879870129870131024e+00
1.088709677419354982e+00,8.852813852813854467e+00
1.088709677419354982e+00,8.798701298701299578e+00
1.088709677419354982e+00,8.744588744588744689e+00
1.088709677419354982e+00,8.717532467532468132e+00
1.088709677419354982e+00,8.690476190476191576e+00
1.088709677419354982e+00,8.663419913419915019e+00
1.068548387096774022e+00,8.609307359307360130e+00
1.068548387096774022e+00,8.555194805194807017e+00
1.068548387096774022e+00,8.474025974025975572e+00
1.068548387096774022e+00,8.446969696969697239e+00
1.048387096774193505e+00,8.392857142857144126e+00
1.048387096774193505e+00,8.311688311688312680e+00
1.048387096774193505e+00,8.257575757575757791e+00
1.028225806451612989e+00,8.149350649350649789e+00
1.028225806451612989e+00,8.122294372294373233e+00
1.028225806451612989e+00,8.041125541125541787e+00
1.028225806451612989e+00,8.014069264069265230e+00
9.879032258064515126e-01,7.932900432900433785e+00
9.879032258064515126e-01,7.905844155844157228e+00
9.879032258064515126e-01,7.878787878787878896e+00
9.879032258064515126e-01,7.851731601731602339e+00
9.879032258064515126e-01,7.797619047619049226e+00
9.677419354838709964e-01,7.716450216450217781e+00
9.677419354838709964e-01,7.608225108225109778e+00
9.677419354838709964e-01,7.581168831168831446e+00
9.475806451612904802e-01,7.445887445887446887e+00
9.274193548387095198e-01,7.364718614718615441e+00
8.870967741935484874e-01,7.283549783549783996e+00
8.870967741935484874e-01,7.256493506493507439e+00
8.870967741935484874e-01,7.202380952380952550e+00
8.870967741935484874e-01,7.175324675324675994e+00
8.870967741935484874e-01,7.121212121212121104e+00
8.669354838709679711e-01,7.067099567099567992e+00
8.669354838709679711e-01,6.985930735930736546e+00
8.669354838709679711e-01,6.931818181818183433e+00
8.669354838709679711e-01,6.850649350649351987e+00
8.467741935483870108e-01,6.769480519480520542e+00
8.467741935483870108e-01,6.715367965367965652e+00
8.467741935483870108e-01,6.661255411255412540e+00
8.467741935483870108e-01,6.634199134199134207e+00
8.467741935483870108e-01,6.580086580086581094e+00
8.467741935483870108e-01,6.553030303030304538e+00
8.467741935483870108e-01,6.444805194805196535e+00
8.467741935483870108e-01,6.417748917748918203e+00
8.467741935483870108e-01,6.363636363636365090e+00
8.266129032258064946e-01,6.282467532467533644e+00
8.266129032258064946e-01,6.255411255411257088e+00
8.266129032258064946e-01,6.228354978354978755e+00
8.266129032258064946e-01,6.011904761904762751e+00
8.266129032258064946e-01,5.903679653679654749e+00
8.064516129032259784e-01,5.822510822510823303e+00
7.862903225806450180e-01,5.795454545454546746e+00
7.862903225806450180e-01,5.741341991341991857e+00
7.862903225806450180e-01,5.714285714285715301e+00
7.862903225806450180e-01,5.633116883116883855e+00
7.862903225806450180e-01,5.579004329004330742e+00
7.862903225806450180e-01,5.470779220779220964e+00
7.862903225806450180e-01,5.416666666666667851e+00
7.862903225806450180e-01,5.362554112554112962e+00
7.862903225806450180e-01,5.335497835497836405e+00
7.862903225806450180e-01,5.281385281385281516e+00
7.862903225806450180e-01,5.227272727272728403e+00
7.862903225806450180e-01,5.200216450216451847e+00
7.862903225806450180e-01,5.146103896103896957e+00
7.862903225806450180e-01,5.091991341991343845e+00
7.862903225806450180e-01,5.064935064935065512e+00
7.862903225806450180e-01,5.037878787878788955e+00
7.862903225806450180e-01,5.010822510822512399e+00
7.862903225806450180e-01,4.902597402597404397e+00
7.862903225806450180e-01,4.875541125541126064e+00
7.862903225806450180e-01,4.794372294372294618e+00
7.862903225806450180e-01,4.740259740259741505e+00
7.862903225806450180e-01,4.686147186147186616e+00
7.862903225806450180e-01,4.632034632034633503e+00
7.862903225806450180e-01,4.604978354978355171e+00
7.862903225806450180e-01,4.550865800865802058e+00
7.862903225806450180e-01,4.523809523809525501e+00
7.862903225806450180e-01,4.496753246753247168e+00
7.862903225806450180e-01,4.469696969696970612e+00
7.862903225806450180e-01,4.415584415584415723e+00
7.862903225806450180e-01,4.388528138528139166e+00
8.064516129032259784e-01,4.361471861471862610e+00
8.064516129032259784e-01,4.334415584415586054e+00
8.064516129032259784e-01,4.280303030303031164e+00
8.064516129032259784e-01,4.253246753246754608e+00
8.064516129032259784e-01,4.226190476190476275e+00
8.266129032258064946e-01,4.145021645021646606e+00
8.266129032258064946e-01,4.090909090909091717e+00
8.266129032258064946e-01,4.009740259740260271e+00
8.266129032258064946e-01,3.982683982683983270e+00
8.266129032258064946e-01,3.955627705627706714e+00
8.467741935483870108e-01,3.901515151515152713e+00
8.467741935483870108e-01,3.847402597402597824e+00
8.467741935483870108e-01,3.820346320346321267e+00
8.870967741935484874e-01,3.766233766233767266e+00
8.870967741935484874e-01,3.712121212121213265e+00
9.072580645161290036e-01,3.685064935064935820e+00
9.072580645161290036e-01,3.658008658008658376e+00
9.274193548387095198e-01,3.603896103896104375e+00
9.274193548387095198e-01,3.576839826839827818e+00
9.475806451612904802e-01,3.549783549783550374e+00
9.475806451612904802e-01,3.495670995670996373e+00
9.879032258064515126e-01,3.441558441558442372e+00
1.008064516129032473e+00,3.414502164502164927e+00
1.028225806451612989e+00,3.360389610389610926e+00
1.028225806451612989e+00,3.333333333333334370e+00
1.048387096774193505e+00,3.279220779220780368e+00
1.088709677419354982e+00,3.198051948051948923e+00
1.108870967741935498e+00,3.170995670995671478e+00
1.129032258064516014e+00,3.116883116883117477e+00
1.149193548387096975e+00,3.089826839826840921e+00
1.169354838709677491e+00,3.035714285714286031e+00
1.189516129032258007e+00,3.008658008658009475e+00
1.209677419354838523e+00,2.981601731601732030e+00
1.229838709677419484e+00,2.981601731601732030e+00
1.250000000000000000e+00,2.954545454545455474e+00
1.270161290322580516e+00,2.954545454545455474e+00
1.290322580645161477e+00,2.927489177489178029e+00
1.310483870967741993e+00,2.900432900432901473e+00
1.330645161290322509e+00,2.873376623376624028e+00
1.370967741935483986e+00,2.873376623376624028e+00
1.391129032258064502e+00,2.846320346320346584e+00
1.411290322580645018e+00,2.819264069264070027e+00
1.431451612903225978e+00,2.819264069264070027e+00
1.491935483870967971e+00,2.792207792207792583e+00
1.532258064516129004e+00,2.738095238095238582e+00
1.552419354838709520e+00,2.711038961038962025e+00
1.572580645161290480e+00,2.711038961038962025e+00
1.592741935483870996e+00,2.711038961038962025e+00
1.612903225806451513e+00,2.683982683982684581e+00
1.633064516129032473e+00,2.683982683982684581e+00
1.653225806451612989e+00,2.656926406926408024e+00
1.673387096774193505e+00,2.629870129870130580e+00
1.713709677419354982e+00,2.629870129870130580e+00
1.733870967741935498e+00,2.602813852813853135e+00
1.774193548387096975e+00,2.602813852813853135e+00
1.814516129032258007e+00,2.602813852813853135e+00
1.834677419354838523e+00,2.575757575757576578e+00
1.895161290322580516e+00,2.548701298701299578e+00
1.915322580645161477e+00,2.548701298701299578e+00
1.935483870967741993e+00,2.548701298701299578e+00
1.995967741935483986e+00,2.548701298701299578e+00
2.036290322580645018e+00,2.494588744588745133e+00
2.076612903225806495e+00,2.494588744588745133e+00
2.096774193548387011e+00,2.494588744588745133e+00
2.116935483870967527e+00,2.467532467532468132e+00
2.137096774193548487e+00,2.467532467532468132e+00
2.177419354838709520e+00,2.467532467532468132e+00
2.197580645161290480e+00,2.467532467532468132e+00
2.237903225806451513e+00,2.467532467532468132e+00
2.278225806451612989e+00,2.467532467532468132e+00
2.298387096774193505e+00,2.467532467532468132e+00
2.318548387096774022e+00,2.467532467532468132e+00
2.338709677419354982e+00,2.467532467532468132e+00
2.379032258064516014e+00,2.467532467532468132e+00
2.419354838709677491e+00,2.467532467532468132e+00
2.439516129032258451e+00,2.467532467532468132e+00
2.499999999999999556e+00,2.467532467532468132e+00
2.520161290322580516e+00,2.467532467532468132e+00
2.540322580645161477e+00,2.467532467532468132e+00
2.580645161290322509e+00,2.467532467532468132e+00
2.620967741935483541e+00,2.467532467532468132e+00
2.641129032258064502e+00,2.467532467532468132e+00
2.681451612903225534e+00,2.467532467532468132e+00
2.701612903225806495e+00,2.440476190476191132e+00
2.721774193548387455e+00,2.440476190476191132e+00
2.741935483870967527e+00,2.440476190476191132e+00
2.782258064516129448e+00,2.440476190476191132e+00
2.802419354838709520e+00,2.440476190476191132e+00
2.842741935483870552e+00,2.440476190476191132e+00
2.883064516129032473e+00,2.440476190476191132e+00
2.923387096774193505e+00,2.440476190476191132e+00
2.983870967741935498e+00,2.440476190476191132e+00
3.024193548387096531e+00,2.440476190476191132e+00
3.044354838709677491e+00,2.440476190476191132e+00
3.104838709677419484e+00,2.440476190476191132e+00
3.124999999999999556e+00,2.440476190476191132e+00
3.185483870967741549e+00,2.440476190476191132e+00
3.205645161290322509e+00,2.440476190476191132e+00
3.245967741935483541e+00,2.440476190476191132e+00
3.286290322580645462e+00,2.440476190476191132e+00
3.326612903225806495e+00,2.440476190476191132e+00
3.346774193548387455e+00,2.440476190476191132e+00
3.387096774193548487e+00,2.440476190476191132e+00
3.407258064516128560e+00,2.440476190476191132e+00
3.427419354838709520e+00,2.440476190476191132e+00
3.447580645161290480e+00,2.440476190476191132e+00
3.487903225806451513e+00,2.440476190476191132e+00
3.508064516129032473e+00,2.440476190476191132e+00
3.528225806451612545e+00,2.440476190476191132e+00
3.588709677419354538e+00,2.440476190476191132e+00
3.608870967741935498e+00,2.440476190476191132e+00
3.629032258064516459e+00,2.440476190476191132e+00
3.649193548387096531e+00,2.440476190476191132e+00
3.689516129032258451e+00,2.440476190476191132e+00
3.749999999999999556e+00,2.494588744588745133e+00
3.790322580645161477e+00,2.521645021645022133e+00
3.830645161290322509e+00,2.521645021645022133e+00
3.891129032258064502e+00,2.521645021645022133e+00
3.931451612903225534e+00,2.521645021645022133e+00
3.951612903225806495e+00,2.521645021645022133e+00
3.971774193548387455e+00,2.548701298701299578e+00
3.991935483870967527e+00,2.548701298701299578e+00
4.012096774193548043e+00,2.548701298701299578e+00
4.052419354838709964e+00,2.575757575757576578e+00
4.072580645161290036e+00,2.602813852813853135e+00
4.133064516129032029e+00,2.656926406926408024e+00
4.153225806451612101e+00,2.683982683982684581e+00
4.193548387096774022e+00,2.683982683982684581e+00
4.213709677419354094e+00,2.711038961038962025e+00
4.254032258064516014e+00,2.765151515151516026e+00
4.314516129032258007e+00,2.819264069264070027e+00
4.354838709677419928e+00,2.873376623376624028e+00
4.415322580645161921e+00,2.927489177489178029e+00
4.435483870967741993e+00,2.954545454545455474e+00
4.475806451612903913e+00,2.981601731601732030e+00
4.516129032258064058e+00,3.035714285714286031e+00
4.536290322580645906e+00,3.062770562770563476e+00
4.556451612903225978e+00,3.089826839826840921e+00
4.576612903225806051e+00,3.143939393939394922e+00
4.637096774193548043e+00,3.225108225108225479e+00
4.657258064516128115e+00,3.252164502164502924e+00
4.677419354838709964e+00,3.279220779220780368e+00
4.717741935483870108e+00,3.360389610389610926e+00
4.737903225806451957e+00,3.387445887445888371e+00
4.737903225806451957e+00,3.414502164502164927e+00
4.737903225806451957e+00,3.441558441558442372e+00
4.758064516129032029e+00,3.468614718614719816e+00
4.778225806451612101e+00,3.576839826839827818e+00
4.818548387096774022e+00,3.603896103896104375e+00
4.838709677419354094e+00,3.712121212121213265e+00
4.858870967741935942e+00,3.739177489177489822e+00
4.879032258064516014e+00,3.766233766233767266e+00
4.879032258064516014e+00,3.820346320346321267e+00
4.879032258064516014e+00,3.874458874458875268e+00
4.919354838709677935e+00,3.982683982683983270e+00
4.939516129032258007e+00,4.009740259740260271e+00
4.959677419354838079e+00,4.090909090909091717e+00
4.979838709677419928e+00,4.117965367965368273e+00
4.979838709677419928e+00,4.145021645021646606e+00
4.979838709677419928e+00,4.226190476190476275e+00
5.020161290322580072e+00,4.280303030303031164e+00
5.040322580645161921e+00,4.361471861471862610e+00
5.080645161290322065e+00,4.442640692640694056e+00
5.080645161290322065e+00,4.496753246753247168e+00
5.080645161290322065e+00,4.523809523809525501e+00
5.141129032258064058e+00,4.659090909090910060e+00
5.161290322580645906e+00,4.686147186147186616e+00
5.161290322580645906e+00,4.713203463203464949e+00
5.181451612903225978e+00,4.794372294372294618e+00
5.221774193548386123e+00,4.875541125541126064e+00
5.241935483870967971e+00,4.956709956709957510e+00
5.262096774193548043e+00,5.037878787878788955e+00
5.282258064516128115e+00,5.091991341991343845e+00
5.302419354838709964e+00,5.146103896103896957e+00
5.322580645161290036e+00,5.173160173160173514e+00
5.342741935483870108e+00,5.200216450216451847e+00
5.342741935483870108e+00,5.227272727272728403e+00
5.383064516129032029e+00,5.335497835497836405e+00
5.423387096774193949e+00,5.389610389610391294e+00
5.443548387096774022e+00,5.443722943722944407e+00
5.443548387096774022e+00,5.470779220779220964e+00
5.483870967741935942e+00,5.524891774891775853e+00
5.483870967741935942e+00,5.579004329004330742e+00
5.524193548387096087e+00,5.633116883116883855e+00
5.544354838709677935e+00,5.660173160173160412e+00
5.564516129032258007e+00,5.714285714285715301e+00
5.564516129032258007e+00,5.741341991341991857e+00
5.584677419354838079e+00,5.795454545454546746e+00
5.625000000000000000e+00,5.849567099567099859e+00
5.645161290322580072e+00,5.903679653679654749e+00
5.665322580645161921e+00,5.930735930735931305e+00
5.685483870967741993e+00,5.984848484848486194e+00
5.725806451612903913e+00,6.038961038961039307e+00
5.745967741935483986e+00,6.066017316017317640e+00
5.766129032258064058e+00,6.147186147186149086e+00
5.766129032258064058e+00,6.174242424242425642e+00
5.786290322580645906e+00,6.201298701298702198e+00
5.806451612903225978e+00,6.282467532467533644e+00
5.826612903225806051e+00,6.309523809523810201e+00
5.846774193548386123e+00,6.336580086580088533e+00
5.846774193548386123e+00,6.390692640692641646e+00
5.866935483870967971e+00,6.444805194805196535e+00
5.866935483870967971e+00,6.471861471861473092e+00
5.887096774193548043e+00,6.525974025974027981e+00
5.907258064516128115e+00,6.580086580086581094e+00
5.927419354838709964e+00,6.607142857142857650e+00
5.947580645161290036e+00,6.634199134199134207e+00
5.947580645161290036e+00,6.661255411255412540e+00
5.947580645161290036e+00,6.688311688311689096e+00
5.947580645161290036e+00,6.715367965367965652e+00
5.967741935483870108e+00,6.742424242424243985e+00
5.987903225806451957e+00,6.769480519480520542e+00
6.028225806451612101e+00,6.823593073593073655e+00
6.048387096774193949e+00,6.850649350649351987e+00
6.068548387096774022e+00,6.877705627705628544e+00
6.108870967741935942e+00,6.877705627705628544e+00
