5.443548387096774910e-01,1.628787878787879340e+00
5.443548387096774910e-01,1.682900432900433341e+00
5.443548387096774910e-01,1.709956709956710341e+00
5.846774193548389675e-01,1.764069264069264786e+00
5.846774193548389675e-01,1.818181818181818787e+00
5.846774193548389675e-01,1.845238095238095788e+00
6.048387096774194838e-01,1.899350649350649789e+00
6.048387096774194838e-01,1.980519480519481235e+00
6.048387096774194838e-01,2.034632034632035236e+00
6.048387096774194838e-01,2.088744588744589237e+00
6.048387096774194838e-01,2.115800865800866237e+00
6.048387096774194838e-01,2.142857142857143682e+00
6.048387096774194838e-01,2.169913419913420682e+00
6.048387096774194838e-01,2.224025974025974683e+00
6.048387096774194838e-01,2.278138528138528685e+00
6.048387096774194838e-01,2.359307359307360130e+00
6.048387096774194838e-01,2.413419913419914131e+00
6.048387096774194838e-01,2.440476190476191132e+00
6.048387096774194838e-01,2.548701298701299578e+00
6.048387096774194838e-01,2.629870129870130580e+00
6.048387096774194838e-01,2.683982683982684581e+00
6.048387096774194838e-01,2.711038961038962025e+00
6.048387096774194838e-01,2.765151515151516026e+00
6.048387096774194838e-01,2.792207792207792583e+00
6.048387096774194838e-01,2.900432900432901473e+00
6.250000000000000000e-01,2.954545454545455474e+00
6.250000000000000000e-01,3.035714285714286031e+00
6.250000000000000000e-01,3.062770562770563476e+00
6.250000000000000000e-01,3.116883116883117477e+00
6.451612903225805162e-01,3.198051948051948923e+00
6.451612903225805162e-01,3.225108225108225479e+00
6.854838709677419928e-01,3.306277056277056925e+00
6.854838709677419928e-01,3.333333333333334370e+00
6.854838709677419928e-01,3.441558441558442372e+00
6.854838709677419928e-01,3.495670995670996373e+00
7.056451612903225090e-01,3.630952380952381819e+00
7.056451612903225090e-01,3.658008658008658376e+00
7.056451612903225090e-01,3.739177489177489822e+00
7.258064516129034693e-01,3.793290043290043823e+00
7.258064516129034693e-01,3.874458874458875268e+00
7.258064516129034693e-01,3.928571428571429269e+00
7.258064516129034693e-01,4.009740259740260271e+00
7.258064516129034693e-01,4.063852813852815160e+00
7.258064516129034693e-01,4.172077922077923162e+00
7.258064516129034693e-01,4.253246753246754608e+00
7.459677419354839856e-01,4.307359307359307721e+00
7.459677419354839856e-01,4.388528138528139166e+00
7.459677419354839856e-01,4.442640692640694056e+00
7.459677419354839856e-01,4.469696969696970612e+00
7.862903225806450180e-01,4.577922077922078614e+00
7.862903225806450180e-01,4.604978354978355171e+00
7.862903225806450180e-01,4.659090909090910060e+00
8.064516129032259784e-01,4.713203463203464949e+00
8.064516129032259784e-01,4.740259740259741505e+00
8.064516129032259784e-01,4.821428571428572951e+00
8.064516129032259784e-01,4.875541125541126064e+00
8.266129032258064946e-01,4.983766233766234066e+00
8.266129032258064946e-01,5.010822510822512399e+00
8.266129032258064946e-01,5.064935064935065512e+00
8.467741935483870108e-01,5.119047619047620401e+00
8.467741935483870108e-01,5.146103896103896957e+00
8.467741935483870108e-01,5.200216450216451847e+00
8.467741935483870108e-01,5.281385281385281516e+00
8.467741935483870108e-01,5.335497835497836405e+00
8.870967741935484874e-01,5.389610389610391294e+00
8.870967741935484874e-01,5.416666666666667851e+00
8.870967741935484874e-01,5.470779220779220964e+00
8.870967741935484874e-01,5.524891774891775853e+00
9.072580645161290036e-01,5.579004329004330742e+00
9.072580645161290036e-01,5.606060606060607299e+00
9.072580645161290036e-01,5.633116883116883855e+00
9.274193548387095198e-01,5.714285714285715301e+00
9.274193548387095198e-01,5.768398268398270190e+00
9.475806451612904802e-01,5.822510822510823303e+00
9.677419354838709964e-01,5.903679653679654749e+00
9.879032258064515126e-01,5.930735930735931305e+00
1.008064516129032473e+00,5.957792207792209638e+00
1.028225806451612989e+00,5.984848484848486194e+00
1.028225806451612989e+00,6.011904761904762751e+00
1.048387096774193505e+00,6.066017316017317640e+00
1.088709677419354982e+00,6.147186147186149086e+00
1.108870967741935498e+00,6.201298701298702198e+00
1.129032258064516014e+00,6.309523809523810201e+00
1.149193548387096975e+00,6.363636363636365090e+00
1.189516129032258007e+00,6.417748917748918203e+00
1.189516129032258007e+00,6.444805194805196535e+00
1.189516129032258007e+00,6.471861471861473092e+00
1.209677419354838523e+00,6.498917748917749648e+00
1.229838709677419484e+00,6.607142857142857650e+00
1.250000000000000000e+00,6.634199134199134207e+00
1.250000000000000000e+00,6.688311688311689096e+00
1.270161290322580516e+00,6.742424242424243985e+00
1.290322580645161477e+00,6.769480519480520542e+00
1.310483870967741993e+00,6.796536796536797098e+00
1.330645161290322509e+00,6.823593073593073655e+00
1.350806451612903025e+00,6.877705627705628544e+00
1.391129032258064502e+00,6.931818181818183433e+00
1.411290322580645018e+00,6.985930735930736546e+00
1.431451612903225978e+00,7.012987012987013102e+00
1.471774193548387011e+00,7.040043290043291435e+00
1.491935483870967971e+00,7.067099567099567992e+00
1.532258064516129004e+00,7.121212121212121104e+00
1.572580645161290480e+00,7.148268398268399437e+00
1.592741935483870996e+00,7.175324675324675994e+00
1.633064516129032473e+00,7.202380952380952550e+00
1.673387096774193505e+00,7.256493506493507439e+00
1.693548387096774022e+00,7.283549783549783996e+00
1.713709677419354982e+00,7.310606060606060552e+00
1.733870967741935498e+00,7.310606060606060552e+00
1.774193548387096975e+00,7.310606060606060552e+00
1.794354838709677491e+00,7.310606060606060552e+00
1.834677419354838523e+00,7.337662337662338885e+00
1.875000000000000000e+00,7.337662337662338885e+00
1.895161290322580516e+00,7.337662337662338885e+00
1.935483870967741993e+00,7.364718614718615441e+00
1.955645161290322509e+00,7.391774891774891998e+00
1.975806451612903025e+00,7.391774891774891998e+00
1.995967741935483986e+00,7.391774891774891998e+00
2.016129032258064502e+00,7.391774891774891998e+00
2.076612903225806495e+00,7.391774891774891998e+00
2.096774193548387011e+00,7.418831168831170331e+00
2.116935483870967527e+00,7.418831168831170331e+00
2.137096774193548487e+00,7.418831168831170331e+00
2.197580645161290480e+00,7.445887445887446887e+00
2.217741935483870996e+00,7.445887445887446887e+00
2.237903225806451513e+00,7.445887445887446887e+00
2.278225806451612989e+00,7.445887445887446887e+00
2.298387096774193505e+00,7.445887445887446887e+00
2.318548387096774022e+00,7.445887445887446887e+00
2.338709677419354982e+00,7.445887445887446887e+00
2.379032258064516014e+00,7.445887445887446887e+00
2.399193548387096531e+00,7.445887445887446887e+00
2.419354838709677491e+00,7.445887445887446887e+00
2.439516129032258451e+00,7.445887445887446887e+00
2.479838709677419484e+00,7.445887445887446887e+00
2.520161290322580516e+00,7.445887445887446887e+00
2.540322580645161477e+00,7.445887445887446887e+00
2.580645161290322509e+00,7.445887445887446887e+00
2.600806451612903469e+00,7.445887445887446887e+00
2.620967741935483541e+00,7.445887445887446887e+00
2.641129032258064502e+00,7.445887445887446887e+00
2.681451612903225534e+00,7.445887445887446887e+00
2.701612903225806495e+00,7.445887445887446887e+00
2.721774193548387455e+00,7.445887445887446887e+00
2.741935483870967527e+00,7.445887445887446887e+00
2.782258064516129448e+00,7.445887445887446887e+00
2.802419354838709520e+00,7.445887445887446887e+00
2.822580645161290480e+00,7.445887445887446887e+00
2.842741935483870552e+00,7.445887445887446887e+00
2.883064516129032473e+00,7.445887445887446887e+00
2.903225806451612545e+00,7.445887445887446887e+00
2.923387096774193505e+00,7.445887445887446887e+00
2.943548387096774466e+00,7.445887445887446887e+00
3.084677419354838523e+00,7.445887445887446887e+00
3.145161290322580516e+00,7.445887445887446887e+00
3.205645161290322509e+00,7.445887445887446887e+00
3.225806451612903469e+00,7.445887445887446887e+00
3.245967741935483541e+00,7.445887445887446887e+00
3.286290322580645462e+00,7.445887445887446887e+00
3.306451612903225534e+00,7.445887445887446887e+00
3.346774193548387455e+00,7.445887445887446887e+00
3.387096774193548487e+00,7.445887445887446887e+00
3.407258064516128560e+00,7.445887445887446887e+00
3.427419354838709520e+00,7.445887445887446887e+00
3.447580645161290480e+00,7.445887445887446887e+00
3.487903225806451513e+00,7.445887445887446887e+00
3.528225806451612545e+00,7.445887445887446887e+00
3.548387096774193505e+00,7.445887445887446887e+00
3.588709677419354538e+00,7.445887445887446887e+00
3.608870967741935498e+00,7.445887445887446887e+00
3.629032258064516459e+00,7.445887445887446887e+00
3.649193548387096531e+00,7.445887445887446887e+00
3.689516129032258451e+00,7.445887445887446887e+00
3.709677419354838523e+00,7.445887445887446887e+00
3.729838709677419484e+00,7.445887445887446887e+00
3.749999999999999556e+00,7.445887445887446887e+00
3.790322580645161477e+00,7.445887445887446887e+00
3.830645161290322509e+00,7.445887445887446887e+00
3.850806451612903469e+00,7.445887445887446887e+00
3.891129032258064502e+00,7.391774891774891998e+00
3.911290322580645462e+00,7.391774891774891998e+00
3.931451612903225534e+00,7.391774891774891998e+00
3.971774193548387455e+00,7.364718614718615441e+00
3.991935483870967527e+00,7.364718614718615441e+00
4.012096774193548043e+00,7.337662337662338885e+00
4.032258064516128115e+00,7.337662337662338885e+00
4.052419354838709964e+00,7.310606060606060552e+00
4.112903225806451957e+00,7.310606060606060552e+00
4.153225806451612101e+00,7.256493506493507439e+00
4.193548387096774022e+00,7.229437229437230883e+00
4.213709677419354094e+00,7.229437229437230883e+00
4.294354838709677935e+00,7.202380952380952550e+00
4.314516129032258007e+00,7.175324675324675994e+00
4.334677419354838079e+00,7.175324675324675994e+00
4.354838709677419928e+00,7.148268398268399437e+00
4.375000000000000000e+00,7.121212121212121104e+00
4.415322580645161921e+00,7.094155844155844548e+00
4.435483870967741993e+00,7.094155844155844548e+00
4.455645161290322065e+00,7.094155844155844548e+00
4.495967741935483986e+00,7.067099567099567992e+00
4.536290322580645906e+00,7.040043290043291435e+00
4.576612903225806051e+00,6.985930735930736546e+00
4.616935483870967971e+00,6.958874458874459989e+00
4.697580645161290036e+00,6.931818181818183433e+00
4.717741935483870108e+00,6.904761904761905100e+00
4.758064516129032029e+00,6.850649350649351987e+00
4.818548387096774022e+00,6.796536796536797098e+00
4.838709677419354094e+00,6.796536796536797098e+00
4.879032258064516014e+00,6.715367965367965652e+00
4.919354838709677935e+00,6.715367965367965652e+00
4.939516129032258007e+00,6.688311688311689096e+00
5.060483870967741993e+00,6.580086580086581094e+00
5.100806451612903913e+00,6.553030303030304538e+00
5.141129032258064058e+00,6.498917748917749648e+00
5.181451612903225978e+00,6.471861471861473092e+00
5.221774193548386123e+00,6.417748917748918203e+00
5.241935483870967971e+00,6.390692640692641646e+00
5.262096774193548043e+00,6.363636363636365090e+00
5.322580645161290036e+00,6.282467532467533644e+00
5.362903225806451957e+00,6.228354978354978755e+00
5.403225806451612101e+00,6.174242424242425642e+00
5.443548387096774022e+00,6.120129870129870753e+00
5.463709677419354094e+00,6.066017316017317640e+00
5.504032258064516014e+00,5.984848484848486194e+00
5.544354838709677935e+00,5.930735930735931305e+00
5.584677419354838079e+00,5.876623376623378192e+00
5.645161290322580072e+00,5.768398268398270190e+00
5.665322580645161921e+00,5.741341991341991857e+00
5.725806451612903913e+00,5.660173160173160412e+00
5.745967741935483986e+00,5.633116883116883855e+00
5.766129032258064058e+00,5.579004329004330742e+00
5.846774193548386123e+00,5.443722943722944407e+00
5.866935483870967971e+00,5.416666666666667851e+00
5.947580645161290036e+00,5.335497835497836405e+00
5.967741935483870108e+00,5.308441558441559849e+00
6.028225806451612101e+00,5.254329004329004960e+00
6.068548387096774022e+00,5.200216450216451847e+00
6.149193548387096087e+00,5.119047619047620401e+00
6.189516129032258007e+00,5.064935064935065512e+00
6.330645161290322065e+00,4.929653679653680953e+00
6.370967741935483986e+00,4.902597402597404397e+00
6.451612903225806051e+00,4.821428571428572951e+00
6.471774193548386123e+00,4.794372294372294618e+00
6.532258064516128115e+00,4.767316017316018062e+00
6.572580645161290036e+00,4.713203463203464949e+00
6.612903225806450180e+00,4.659090909090910060e+00
6.653225806451612101e+00,4.632034632034633503e+00
6.673387096774192173e+00,4.604978354978355171e+00
6.733870967741934166e+00,4.523809523809525501e+00
6.774193548387096087e+00,4.523809523809525501e+00
6.834677419354838079e+00,4.469696969696970612e+00
6.854838709677418152e+00,4.469696969696970612e+00
6.915322580645160144e+00,4.415584415584415723e+00
6.955645161290322065e+00,4.388528138528139166e+00
7.016129032258064058e+00,4.388528138528139166e+00
7.056451612903225978e+00,4.361471861471862610e+00
7.076612903225806051e+00,4.334415584415586054e+00
7.116935483870967971e+00,4.334415584415586054e+00
7.217741935483870108e+00,4.280303030303031164e+00
7.237903225806450180e+00,4.253246753246754608e+00
7.318548387096774022e+00,4.253246753246754608e+00
7.358870967741934166e+00,4.199134199134199719e+00
7.379032258064516014e+00,4.199134199134199719e+00
7.439516129032258007e+00,4.172077922077923162e+00
7.459677419354838079e+00,4.145021645021646606e+00
7.479838709677418152e+00,4.145021645021646606e+00
7.520161290322580072e+00,4.117965367965368273e+00
7.580645161290322065e+00,4.090909090909091717e+00
7.620967741935483986e+00,4.090909090909091717e+00
7.641129032258064058e+00,4.063852813852815160e+00
7.701612903225806051e+00,4.009740259740260271e+00
7.721774193548386123e+00,4.009740259740260271e+00
7.782258064516128115e+00,3.982683982683983270e+00
7.822580645161290036e+00,3.982683982683983270e+00
7.842741935483870108e+00,3.982683982683983270e+00
7.862903225806450180e+00,3.955627705627706714e+00
7.923387096774192173e+00,3.955627705627706714e+00
7.943548387096774022e+00,3.955627705627706714e+00
8.024193548387096087e+00,3.928571428571429269e+00
8.084677419354838079e+00,3.874458874458875268e+00
8.125000000000000000e+00,3.874458874458875268e+00
8.145161290322580072e+00,3.874458874458875268e+00
8.165322580645160144e+00,3.874458874458875268e+00
8.185483870967741993e+00,3.874458874458875268e+00
8.225806451612902137e+00,3.847402597402597824e+00
8.245967741935483986e+00,3.847402597402597824e+00
8.266129032258064058e+00,3.847402597402597824e+00
8.286290322580644130e+00,3.820346320346321267e+00
8.326612903225806051e+00,3.820346320346321267e+00
8.346774193548386123e+00,3.820346320346321267e+00
8.366935483870967971e+00,3.820346320346321267e+00
8.407258064516128115e+00,3.793290043290043823e+00
8.427419354838708188e+00,3.793290043290043823e+00
8.447580645161290036e+00,3.793290043290043823e+00
8.467741935483870108e+00,3.793290043290043823e+00
8.508064516129032029e+00,3.739177489177489822e+00
8.548387096774192173e+00,3.739177489177489822e+00
8.568548387096774022e+00,3.712121212121213265e+00
8.588709677419354094e+00,3.712121212121213265e+00
8.649193548387096087e+00,3.712121212121213265e+00
8.669354838709676159e+00,3.685064935064935820e+00
8.689516129032258007e+00,3.685064935064935820e+00
8.750000000000000000e+00,3.658008658008658376e+00
8.810483870967741993e+00,3.603896103896104375e+00
8.830645161290322065e+00,3.603896103896104375e+00
8.870967741935483986e+00,3.576839826839827818e+00
8.911290322580644130e+00,3.549783549783550374e+00
8.931451612903225978e+00,3.549783549783550374e+00
9.012096774193548043e+00,3.522727272727273817e+00
9.052419354838708188e+00,3.522727272727273817e+00
9.072580645161290036e+00,3.522727272727273817e+00
9.092741935483870108e+00,3.495670995670996373e+00
9.112903225806450180e+00,3.468614718614719816e+00
9.133064516129032029e+00,3.468614718614719816e+00
9.153225806451612101e+00,3.468614718614719816e+00
9.173387096774192173e+00,3.468614718614719816e+00
9.193548387096774022e+00,3.468614718614719816e+00
9.213709677419354094e+00,3.441558441558442372e+00
9.233870967741934166e+00,3.441558441558442372e+00
9.254032258064516014e+00,3.441558441558442372e+00
9.274193548387096087e+00,3.441558441558442372e+00
9.294354838709676159e+00,3.441558441558442372e+00
9.334677419354838079e+00,3.441558441558442372e+00
9.354838709677418152e+00,3.414502164502164927e+00
9.375000000000000000e+00,3.414502164502164927e+00
9.395161290322580072e+00,3.414502164502164927e+00
9.435483870967741993e+00,3.414502164502164927e+00
9.455645161290322065e+00,3.414502164502164927e+00
9.475806451612902137e+00,3.414502164502164927e+00
9.495967741935483986e+00,3.414502164502164927e+00
9.536290322580644130e+00,3.414502164502164927e+00
9.556451612903225978e+00,3.414502164502164927e+00
9.576612903225806051e+00,3.414502164502164927e+00
