8.266129032258064946e-01,1.385281385281385891e+00
8.467741935483870108e-01,1.439393939393939892e+00
8.669354838709679711e-01,1.466450216450216892e+00
8.870967741935484874e-01,1.493506493506493893e+00
8.870967741935484874e-01,1.520562770562770893e+00
8.870967741935484874e-01,1.574675324675325339e+00
8.870967741935484874e-01,1.601731601731602339e+00
9.072580645161290036e-01,1.682900432900433341e+00
9.072580645161290036e-01,1.709956709956710341e+00
9.274193548387095198e-01,1.737012987012987786e+00
9.274193548387095198e-01,1.818181818181818787e+00
9.274193548387095198e-01,1.845238095238095788e+00
9.677419354838709964e-01,1.926406926406926789e+00
9.677419354838709964e-01,1.953463203463204234e+00
9.879032258064515126e-01,2.007575757575758235e+00
9.879032258064515126e-01,2.061688311688312236e+00
9.879032258064515126e-01,2.088744588744589237e+00
1.008064516129032473e+00,2.115800865800866237e+00
1.008064516129032473e+00,2.142857142857143682e+00
1.008064516129032473e+00,2.196969696969697683e+00
1.028225806451612989e+00,2.251082251082251684e+00
1.028225806451612989e+00,2.278138528138528685e+00
1.048387096774193505e+00,2.386363636363637131e+00
1.068548387096774022e+00,2.413419913419914131e+00
1.088709677419354982e+00,2.440476190476191132e+00
1.088709677419354982e+00,2.494588744588745133e+00
1.088709677419354982e+00,2.548701298701299578e+00
1.088709677419354982e+00,2.602813852813853135e+00
1.108870967741935498e+00,2.656926406926408024e+00
1.129032258064516014e+00,2.738095238095238582e+00
1.129032258064516014e+00,2.792207792207792583e+00
1.169354838709677491e+00,2.846320346320346584e+00
1.169354838709677491e+00,2.873376623376624028e+00
1.189516129032258007e+00,2.927489177489178029e+00
1.189516129032258007e+00,2.954545454545455474e+00
1.189516129032258007e+00,3.035714285714286031e+00
1.209677419354838523e+00,3.089826839826840921e+00
1.229838709677419484e+00,3.143939393939394922e+00
1.270161290322580516e+00,3.225108225108225479e+00
1.290322580645161477e+00,3.279220779220780368e+00
1.290322580645161477e+00,3.306277056277056925e+00
1.290322580645161477e+00,3.333333333333334370e+00
1.290322580645161477e+00,3.360389610389610926e+00
1.330645161290322509e+00,3.468614718614719816e+00
1.370967741935483986e+00,3.603896103896104375e+00
1.391129032258064502e+00,3.630952380952381819e+00
1.411290322580645018e+00,3.712121212121213265e+00
1.411290322580645018e+00,3.739177489177489822e+00
1.431451612903225978e+00,3.766233766233767266e+00
1.471774193548387011e+00,3.901515151515152713e+00
1.471774193548387011e+00,3.982683982683983270e+00
1.512096774193548487e+00,4.063852813852815160e+00
1.512096774193548487e+00,4.090909090909091717e+00
1.532258064516129004e+00,4.172077922077923162e+00
1.552419354838709520e+00,4.253246753246754608e+00
1.572580645161290480e+00,4.280303030303031164e+00
1.592741935483870996e+00,4.334415584415586054e+00
1.592741935483870996e+00,4.361471861471862610e+00
1.612903225806451513e+00,4.388528138528139166e+00
1.633064516129032473e+00,4.496753246753247168e+00
1.673387096774193505e+00,4.550865800865802058e+00
1.693548387096774022e+00,4.577922077922078614e+00
1.693548387096774022e+00,4.632034632034633503e+00
1.693548387096774022e+00,4.659090909090910060e+00
1.713709677419354982e+00,4.686147186147186616e+00
1.774193548387096975e+00,4.794372294372294618e+00
1.814516129032258007e+00,4.848484848484849508e+00
1.834677419354838523e+00,4.956709956709957510e+00
1.854838709677419484e+00,4.983766233766234066e+00
1.895161290322580516e+00,5.037878787878788955e+00
1.935483870967741993e+00,5.119047619047620401e+00
1.955645161290322509e+00,5.200216450216451847e+00
1.995967741935483986e+00,5.254329004329004960e+00
2.016129032258064502e+00,5.281385281385281516e+00
2.036290322580645018e+00,5.308441558441559849e+00
2.076612903225806495e+00,5.389610389610391294e+00
2.096774193548387011e+00,5.443722943722944407e+00
2.116935483870967527e+00,5.497835497835499297e+00
2.137096774193548487e+00,5.579004329004330742e+00
2.177419354838709520e+00,5.633116883116883855e+00
2.197580645161290480e+00,5.660173160173160412e+00
2.217741935483870996e+00,5.741341991341991857e+00
2.237903225806451513e+00,5.795454545454546746e+00
2.237903225806451513e+00,5.849567099567099859e+00
2.258064516129032473e+00,5.903679653679654749e+00
2.278225806451612989e+00,5.930735930735931305e+00
2.298387096774193505e+00,5.957792207792209638e+00
2.298387096774193505e+00,5.984848484848486194e+00
2.379032258064516014e+00,6.093073593073594196e+00
2.399193548387096531e+00,6.147186147186149086e+00
2.419354838709677491e+00,6.174242424242425642e+00
2.439516129032258451e+00,6.228354978354978755e+00
2.459677419354838523e+00,6.309523809523810201e+00
2.479838709677419484e+00,6.336580086580088533e+00
2.520161290322580516e+00,6.390692640692641646e+00
2.540322580645161477e+00,6.417748917748918203e+00
2.580645161290322509e+00,6.471861471861473092e+00
2.600806451612903469e+00,6.525974025974027981e+00
2.620967741935483541e+00,6.553030303030304538e+00
2.641129032258064502e+00,6.607142857142857650e+00
2.681451612903225534e+00,6.661255411255412540e+00
2.701612903225806495e+00,6.688311688311689096e+00
2.721774193548387455e+00,6.715367965367965652e+00
2.782258064516129448e+00,6.796536796536797098e+00
2.802419354838709520e+00,6.850649350649351987e+00
2.822580645161290480e+00,6.877705627705628544e+00
2.842741935483870552e+00,6.904761904761905100e+00
2.883064516129032473e+00,6.958874458874459989e+00
2.903225806451612545e+00,6.985930735930736546e+00
2.943548387096774466e+00,7.040043290043291435e+00
2.983870967741935498e+00,7.067099567099567992e+00
3.024193548387096531e+00,7.121212121212121104e+00
3.044354838709677491e+00,7.148268398268399437e+00
3.064516129032258451e+00,7.175324675324675994e+00
3.084677419354838523e+00,7.175324675324675994e+00
3.124999999999999556e+00,7.229437229437230883e+00
3.145161290322580516e+00,7.256493506493507439e+00
3.165322580645161477e+00,7.256493506493507439e+00
3.185483870967741549e+00,7.283549783549783996e+00
3.245967741935483541e+00,7.364718614718615441e+00
3.286290322580645462e+00,7.391774891774891998e+00
3.306451612903225534e+00,7.418831168831170331e+00
3.326612903225806495e+00,7.445887445887446887e+00
3.387096774193548487e+00,7.500000000000000000e+00
3.407258064516128560e+00,7.527056277056278333e+00
3.447580645161290480e+00,7.581168831168831446e+00
3.487903225806451513e+00,7.608225108225109778e+00
3.508064516129032473e+00,7.635281385281386335e+00
3.528225806451612545e+00,7.662337662337662891e+00
3.548387096774193505e+00,7.689393939393939448e+00
3.568548387096774466e+00,7.716450216450217781e+00
3.588709677419354538e+00,7.743506493506494337e+00
3.608870967741935498e+00,7.770562770562770893e+00
3.629032258064516459e+00,7.797619047619049226e+00
3.649193548387096531e+00,7.824675324675325783e+00
3.689516129032258451e+00,7.851731601731602339e+00
3.709677419354838523e+00,7.878787878787878896e+00
3.729838709677419484e+00,7.905844155844157228e+00
3.749999999999999556e+00,7.932900432900433785e+00
3.770161290322580516e+00,7.959956709956710341e+00
3.810483870967741549e+00,7.987012987012988674e+00
3.830645161290322509e+00,8.014069264069265230e+00
3.850806451612903469e+00,8.041125541125541787e+00
3.891129032258064502e+00,8.095238095238096676e+00
3.911290322580645462e+00,8.122294372294373233e+00
3.931451612903225534e+00,8.149350649350649789e+00
3.971774193548387455e+00,8.176406926406928122e+00
3.991935483870967527e+00,8.203463203463204678e+00
4.012096774193548043e+00,8.230519480519481235e+00
4.032258064516128115e+00,8.257575757575757791e+00
4.072580645161290036e+00,8.311688311688312680e+00
4.092741935483870108e+00,8.338744588744589237e+00
4.112903225806451957e+00,8.338744588744589237e+00
4.153225806451612101e+00,8.365800865800867570e+00
4.173387096774193949e+00,8.365800865800867570e+00
4.193548387096774022e+00,8.392857142857144126e+00
4.233870967741935942e+00,8.419913419913420682e+00
4.254032258064516014e+00,8.446969696969697239e+00
4.274193548387096087e+00,8.474025974025975572e+00
4.294354838709677935e+00,8.501082251082252128e+00
4.314516129032258007e+00,8.501082251082252128e+00
4.334677419354838079e+00,8.528138528138528685e+00
4.375000000000000000e+00,8.582251082251083574e+00
4.415322580645161921e+00,8.609307359307360130e+00
4.435483870967741993e+00,8.636363636363636687e+00
4.455645161290322065e+00,8.636363636363636687e+00
4.516129032258064058e+00,8.663419913419915019e+00
4.536290322580645906e+00,8.690476190476191576e+00
4.556451612903225978e+00,8.717532467532468132e+00
4.576612903225806051e+00,8.744588744588744689e+00
4.596774193548387899e+00,8.771645021645023022e+00
4.616935483870967971e+00,8.798701298701299578e+00
4.637096774193548043e+00,8.798701298701299578e+00
4.677419354838709964e+00,8.798701298701299578e+00
4.697580645161290036e+00,8.825757575757576134e+00
4.717741935483870108e+00,8.852813852813854467e+00
4.737903225806451957e+00,8.879870129870131024e+00
4.778225806451612101e+00,8.879870129870131024e+00
4.798387096774193949e+00,8.879870129870131024e+00
4.818548387096774022e+00,8.906926406926407580e+00
4.838709677419354094e+00,8.933982683982684136e+00
4.879032258064516014e+00,8.933982683982684136e+00
4.899193548387096087e+00,8.933982683982684136e+00
4.919354838709677935e+00,8.933982683982684136e+00
4.979838709677419928e+00,8.933982683982684136e+00
5.000000000000000000e+00,8.961038961038962469e+00
5.020161290322580072e+00,8.988095238095239026e+00
5.040322580645161921e+00,9.015151515151515582e+00
5.080645161290322065e+00,9.015151515151515582e+00
5.120967741935483986e+00,9.042207792207793915e+00
5.141129032258064058e+00,9.042207792207793915e+00
5.201612903225806051e+00,9.069264069264070471e+00
5.221774193548386123e+00,9.069264069264070471e+00
5.241935483870967971e+00,9.069264069264070471e+00
5.282258064516128115e+00,9.069264069264070471e+00
5.322580645161290036e+00,9.123376623376623584e+00
5.342741935483870108e+00,9.123376623376623584e+00
5.383064516129032029e+00,9.123376623376623584e+00
5.403225806451612101e+00,9.123376623376623584e+00
5.423387096774193949e+00,9.123376623376623584e+00
5.443548387096774022e+00,9.123376623376623584e+00
5.483870967741935942e+00,9.123376623376623584e+00
5.504032258064516014e+00,9.123376623376623584e+00
5.524193548387096087e+00,9.123376623376623584e+00
5.544354838709677935e+00,9.123376623376623584e+00
5.604838709677419928e+00,9.123376623376623584e+00
5.625000000000000000e+00,9.123376623376623584e+00
5.645161290322580072e+00,9.150432900432901917e+00
5.665322580645161921e+00,9.177489177489178473e+00
5.685483870967741993e+00,9.177489177489178473e+00
5.705645161290322065e+00,9.177489177489178473e+00
5.725806451612903913e+00,9.177489177489178473e+00
5.745967741935483986e+00,9.177489177489178473e+00
5.786290322580645906e+00,9.177489177489178473e+00
5.806451612903225978e+00,9.177489177489178473e+00
5.826612903225806051e+00,9.177489177489178473e+00
5.846774193548386123e+00,9.177489177489178473e+00
5.887096774193548043e+00,9.177489177489178473e+00
5.907258064516128115e+00,9.177489177489178473e+00
5.947580645161290036e+00,9.177489177489178473e+00
5.987903225806451957e+00,9.177489177489178473e+00
6.008064516129032029e+00,9.177489177489178473e+00
6.028225806451612101e+00,9.177489177489178473e+00
6.048387096774193949e+00,9.177489177489178473e+00
6.108870967741935942e+00,9.177489177489178473e+00
6.129032258064516014e+00,9.177489177489178473e+00
6.149193548387096087e+00,9.177489177489178473e+00
6.209677419354838079e+00,9.150432900432901917e+00
6.229838709677419928e+00,9.123376623376623584e+00
6.250000000000000000e+00,9.123376623376623584e+00
6.290322580645161921e+00,9.123376623376623584e+00
6.310483870967741993e+00,9.123376623376623584e+00
6.330645161290322065e+00,9.123376623376623584e+00
6.350806451612903913e+00,9.123376623376623584e+00
6.370967741935483986e+00,9.096320346320347028e+00
6.391129032258064058e+00,9.096320346320347028e+00
6.431451612903225978e+00,9.096320346320347028e+00
6.451612903225806051e+00,9.096320346320347028e+00
6.491935483870967971e+00,9.096320346320347028e+00
6.532258064516128115e+00,9.096320346320347028e+00
6.552419354838709964e+00,9.069264069264070471e+00
6.592741935483870108e+00,9.069264069264070471e+00
6.612903225806450180e+00,9.069264069264070471e+00
6.633064516129032029e+00,9.069264069264070471e+00
6.693548387096774022e+00,9.069264069264070471e+00
6.713709677419354094e+00,9.069264069264070471e+00
6.733870967741934166e+00,9.069264069264070471e+00
6.794354838709676159e+00,9.069264069264070471e+00
6.814516129032258007e+00,9.069264069264070471e+00
6.834677419354838079e+00,9.042207792207793915e+00
6.854838709677418152e+00,9.042207792207793915e+00
6.915322580645160144e+00,9.042207792207793915e+00
6.995967741935483986e+00,9.042207792207793915e+00
7.056451612903225978e+00,9.042207792207793915e+00
7.096774193548386123e+00,9.042207792207793915e+00
7.137096774193548043e+00,9.042207792207793915e+00
7.157258064516128115e+00,9.042207792207793915e+00
7.177419354838709964e+00,9.042207792207793915e+00
7.217741935483870108e+00,9.042207792207793915e+00
7.237903225806450180e+00,9.042207792207793915e+00
7.258064516129032029e+00,9.042207792207793915e+00
7.298387096774192173e+00,9.042207792207793915e+00
7.318548387096774022e+00,9.042207792207793915e+00
7.338709677419354094e+00,9.042207792207793915e+00
7.358870967741934166e+00,9.042207792207793915e+00
7.399193548387096087e+00,9.042207792207793915e+00
7.439516129032258007e+00,8.988095238095239026e+00
7.459677419354838079e+00,8.988095238095239026e+00
7.500000000000000000e+00,8.988095238095239026e+00
7.540322580645160144e+00,8.961038961038962469e+00
7.580645161290322065e+00,8.933982683982684136e+00
7.600806451612902137e+00,8.933982683982684136e+00
7.620967741935483986e+00,8.933982683982684136e+00
7.641129032258064058e+00,8.906926406926407580e+00
7.681451612903225978e+00,8.852813852813854467e+00
7.721774193548386123e+00,8.852813852813854467e+00
7.762096774193548043e+00,8.798701298701299578e+00
7.822580645161290036e+00,8.798701298701299578e+00
7.862903225806450180e+00,8.717532467532468132e+00
7.903225806451612101e+00,8.690476190476191576e+00
7.923387096774192173e+00,8.690476190476191576e+00
7.943548387096774022e+00,8.663419913419915019e+00
7.963709677419354094e+00,8.636363636363636687e+00
8.044354838709676159e+00,8.582251082251083574e+00
8.064516129032258007e+00,8.555194805194807017e+00
8.104838709677418152e+00,8.528138528138528685e+00
8.125000000000000000e+00,8.501082251082252128e+00
8.185483870967741993e+00,8.446969696969697239e+00
8.205645161290322065e+00,8.446969696969697239e+00
8.225806451612902137e+00,8.419913419913420682e+00
8.286290322580644130e+00,8.365800865800867570e+00
8.306451612903225978e+00,8.365800865800867570e+00
8.366935483870967971e+00,8.311688311688312680e+00
8.387096774193548043e+00,8.284632034632036124e+00
8.407258064516128115e+00,8.257575757575757791e+00
8.427419354838708188e+00,8.257575757575757791e+00
8.487903225806450180e+00,8.176406926406928122e+00
8.508064516129032029e+00,8.176406926406928122e+00
8.528225806451612101e+00,8.176406926406928122e+00
8.548387096774192173e+00,8.149350649350649789e+00
8.568548387096774022e+00,8.149350649350649789e+00
8.629032258064516014e+00,8.122294372294373233e+00
8.649193548387096087e+00,8.122294372294373233e+00
8.669354838709676159e+00,8.095238095238096676e+00
8.669354838709676159e+00,8.068181818181818343e+00
8.689516129032258007e+00,8.041125541125541787e+00
8.709677419354838079e+00,8.041125541125541787e+00
8.750000000000000000e+00,8.014069264069265230e+00
8.770161290322580072e+00,7.987012987012988674e+00
8.810483870967741993e+00,7.987012987012988674e+00
8.830645161290322065e+00,7.959956709956710341e+00
8.850806451612902137e+00,7.932900432900433785e+00
8.870967741935483986e+00,7.905844155844157228e+00
8.891129032258064058e+00,7.878787878787878896e+00
8.911290322580644130e+00,7.851731601731602339e+00
8.971774193548386123e+00,7.824675324675325783e+00
8.991935483870967971e+00,7.797619047619049226e+00
9.012096774193548043e+00,7.770562770562770893e+00
9.032258064516128115e+00,7.743506493506494337e+00
9.052419354838708188e+00,7.716450216450217781e+00
9.072580645161290036e+00,7.689393939393939448e+00
9.092741935483870108e+00,7.662337662337662891e+00
9.112903225806450180e+00,7.635281385281386335e+00
9.133064516129032029e+00,7.635281385281386335e+00
9.153225806451612101e+00,7.608225108225109778e+00
9.173387096774192173e+00,7.581168831168831446e+00
9.193548387096774022e+00,7.554112554112554889e+00
9.193548387096774022e+00,7.527056277056278333e+00
9.213709677419354094e+00,7.500000000000000000e+00
9.254032258064516014e+00,7.472943722943723444e+00
9.274193548387096087e+00,7.445887445887446887e+00
9.294354838709676159e+00,7.418831168831170331e+00
9.314516129032258007e+00,7.418831168831170331e+00
9.334677419354838079e+00,7.418831168831170331e+00
9.375000000000000000e+00,7.364718614718615441e+00
9.395161290322580072e+00,7.337662337662338885e+00
9.415322580645160144e+00,7.337662337662338885e+00
9.435483870967741993e+00,7.310606060606060552e+00
9.455645161290322065e+00,7.310606060606060552e+00
9.495967741935483986e+00,7.283549783549783996e+00
9.516129032258064058e+00,7.283549783549783996e+00
9.536290322580644130e+00,7.256493506493507439e+00
9.556451612903225978e+00,7.229437229437230883e+00
9.576612903225806051e+00,7.202380952380952550e+00
9.596774193548386123e+00,7.175324675324675994e+00
9.637096774193548043e+00,7.148268398268399437e+00
9.657258064516128115e+00,7.148268398268399437e+00
9.677419354838708188e+00,7.121212121212121104e+00
9.697580645161290036e+00,7.094155844155844548e+00
9.717741935483870108e+00,7.067099567099567992e+00
9.737903225806450180e+00,7.040043290043291435e+00
9.758064516129032029e+00,7.012987012987013102e+00
9.778225806451612101e+00,6.985930735930736546e+00
9.798387096774192173e+00,6.958874458874459989e+00
9.818548387096774022e+00,6.931818181818183433e+00
